c:\users\zimin\onedrive\рабочий стол\чисмет\лабораторная работа №2\_lab2\_lab2\debug\vc141.pdb
c:\users\zimin\onedrive\рабочий стол\чисмет\лабораторная работа №2\_lab2\_lab2\debug\vc141.idb
c:\users\zimin\onedrive\рабочий стол\чисмет\лабораторная работа №2\_lab2\_lab2\debug\statistics.obj
c:\users\zimin\onedrive\рабочий стол\чисмет\лабораторная работа №2\_lab2\_lab2\debug\specialfunctions.obj
c:\users\zimin\onedrive\рабочий стол\чисмет\лабораторная работа №2\_lab2\_lab2\debug\solvers.obj
c:\users\zimin\onedrive\рабочий стол\чисмет\лабораторная работа №2\_lab2\_lab2\debug\optimization.obj
c:\users\zimin\onedrive\рабочий стол\чисмет\лабораторная работа №2\_lab2\_lab2\debug\linalg.obj
c:\users\zimin\onedrive\рабочий стол\чисмет\лабораторная работа №2\_lab2\_lab2\debug\interpolation.obj
c:\users\zimin\onedrive\рабочий стол\чисмет\лабораторная работа №2\_lab2\_lab2\debug\integration.obj
c:\users\zimin\onedrive\рабочий стол\чисмет\лабораторная работа №2\_lab2\_lab2\debug\fasttransforms.obj
c:\users\zimin\onedrive\рабочий стол\чисмет\лабораторная работа №2\_lab2\_lab2\debug\diffequations.obj
c:\users\zimin\onedrive\рабочий стол\чисмет\лабораторная работа №2\_lab2\_lab2\debug\dataanalysis.obj
c:\users\zimin\onedrive\рабочий стол\чисмет\лабораторная работа №2\_lab2\_lab2\debug\ap.obj
c:\users\zimin\onedrive\рабочий стол\чисмет\лабораторная работа №2\_lab2\_lab2\debug\alglibmisc.obj
c:\users\zimin\onedrive\рабочий стол\чисмет\лабораторная работа №2\_lab2\_lab2\debug\alglibinternal.obj
c:\users\zimin\onedrive\рабочий стол\чисмет\лабораторная работа №2\_lab2\_lab2\debug\main.obj
c:\users\zimin\onedrive\рабочий стол\чисмет\лабораторная работа №2\_lab2\debug\_lab2.exe
c:\users\zimin\onedrive\рабочий стол\чисмет\лабораторная работа №2\_lab2\debug\_lab2.ilk
c:\users\zimin\onedrive\рабочий стол\чисмет\лабораторная работа №2\_lab2\debug\_lab2.pdb
c:\users\zimin\onedrive\рабочий стол\чисмет\лабораторная работа №2\_lab2\_lab2\debug\_lab2.tlog\cl.command.1.tlog
c:\users\zimin\onedrive\рабочий стол\чисмет\лабораторная работа №2\_lab2\_lab2\debug\_lab2.tlog\cl.read.1.tlog
c:\users\zimin\onedrive\рабочий стол\чисмет\лабораторная работа №2\_lab2\_lab2\debug\_lab2.tlog\cl.write.1.tlog
c:\users\zimin\onedrive\рабочий стол\чисмет\лабораторная работа №2\_lab2\_lab2\debug\_lab2.tlog\link.command.1.tlog
c:\users\zimin\onedrive\рабочий стол\чисмет\лабораторная работа №2\_lab2\_lab2\debug\_lab2.tlog\link.read.1.tlog
c:\users\zimin\onedrive\рабочий стол\чисмет\лабораторная работа №2\_lab2\_lab2\debug\_lab2.tlog\link.write.1.tlog
